10:58:03.648 [main] [INFO ] [com.bd.core]   HHHHH!!!!!
10:58:03.668 [main] [ERROR] [com.bd.core]   Wrong!!!
java.lang.Exception: Demo wrong
	at com.bd.BDIE.util.AppTest.testApp(AppTest.java:34) [test-classes/:?]
	at sun.reflect.NativeMethodAccessorImpl.invoke0(Native Method) ~[?:1.8.0_211]
	at sun.reflect.NativeMethodAccessorImpl.invoke(NativeMethodAccessorImpl.java:62) ~[?:1.8.0_211]
	at sun.reflect.DelegatingMethodAccessorImpl.invoke(DelegatingMethodAccessorImpl.java:43) ~[?:1.8.0_211]
	at java.lang.reflect.Method.invoke(Method.java:498) ~[?:1.8.0_211]
	at junit.framework.TestCase.runTest(TestCase.java:154) [junit-3.8.1.jar:?]
	at junit.framework.TestCase.runBare(TestCase.java:127) [junit-3.8.1.jar:?]
	at junit.framework.TestResult$1.protect(TestResult.java:106) [junit-3.8.1.jar:?]
	at junit.framework.TestResult.runProtected(TestResult.java:124) [junit-3.8.1.jar:?]
	at junit.framework.TestResult.run(TestResult.java:109) [junit-3.8.1.jar:?]
	at junit.framework.TestCase.run(TestCase.java:118) [junit-3.8.1.jar:?]
	at junit.framework.TestSuite.runTest(TestSuite.java:208) [junit-3.8.1.jar:?]
	at junit.framework.TestSuite.run(TestSuite.java:203) [junit-3.8.1.jar:?]
	at sun.reflect.NativeMethodAccessorImpl.invoke0(Native Method) ~[?:1.8.0_211]
	at sun.reflect.NativeMethodAccessorImpl.invoke(NativeMethodAccessorImpl.java:62) ~[?:1.8.0_211]
	at sun.reflect.DelegatingMethodAccessorImpl.invoke(DelegatingMethodAccessorImpl.java:43) ~[?:1.8.0_211]
	at java.lang.reflect.Method.invoke(Method.java:498) ~[?:1.8.0_211]
	at org.apache.maven.surefire.junit.JUnitTestSet.execute(JUnitTestSet.java:95) [surefire-junit3-2.12.4.jar:2.12.4]
	at org.apache.maven.surefire.junit.JUnit3Provider.executeTestSet(JUnit3Provider.java:121) [surefire-junit3-2.12.4.jar:2.12.4]
	at org.apache.maven.surefire.junit.JUnit3Provider.invoke(JUnit3Provider.java:98) [surefire-junit3-2.12.4.jar:2.12.4]
	at sun.reflect.NativeMethodAccessorImpl.invoke0(Native Method) ~[?:1.8.0_211]
	at sun.reflect.NativeMethodAccessorImpl.invoke(NativeMethodAccessorImpl.java:62) ~[?:1.8.0_211]
	at sun.reflect.DelegatingMethodAccessorImpl.invoke(DelegatingMethodAccessorImpl.java:43) ~[?:1.8.0_211]
	at java.lang.reflect.Method.invoke(Method.java:498) ~[?:1.8.0_211]
	at org.apache.maven.surefire.util.ReflectionUtils.invokeMethodWithArray(ReflectionUtils.java:189) [surefire-api-2.12.4.jar:2.12.4]
	at org.apache.maven.surefire.booter.ProviderFactory$ProviderProxy.invoke(ProviderFactory.java:165) [surefire-booter-2.12.4.jar:2.12.4]
	at org.apache.maven.surefire.booter.ProviderFactory.invokeProvider(ProviderFactory.java:85) [surefire-booter-2.12.4.jar:2.12.4]
	at org.apache.maven.surefire.booter.ForkedBooter.runSuitesInProcess(ForkedBooter.java:115) [surefire-booter-2.12.4.jar:2.12.4]
	at org.apache.maven.surefire.booter.ForkedBooter.main(ForkedBooter.java:75) [surefire-booter-2.12.4.jar:2.12.4]
